<?xml version="1.0" encoding="UTF-8"?>
<!-- Generated by org.testng.reporters.JUnitXMLReporter -->
<testsuite ignored="0" hostname="LAPTOP-D919MI6O" failures="0" tests="4" name="Default test" time="31.82" errors="0" timestamp="2026-08-10T12:52:17 IST">
  <testcase classname="com.rrr_citizen.test.AddSurveyFormTC" name="verifyRRRSurveySubmittedSuccesfully" time="2.682"/>
  <testcase classname="com.rrr_citizen.test.AddSurveyFormTC" name="verify_Submitted_SurveyForm_DisplayedSuccesfully" time="0.038"/>
  <testcase classname="com.rrr_citizen.test.AddSurveyFormTC" name="verify_Collection_FilterApplied_Succesfully" time="18.42"/>
  <testcase classname="com.rrr_citizen.test.AddSurveyFormTC" name="verify_Collection_details_shwoingonthetable" time="0.142"/>
</testsuite> <!-- Default test -->
