<?xml version="1.0" encoding="UTF-8"?>
<!-- Generated by org.testng.reporters.JUnitXMLReporter -->
<testsuite ignored="0" hostname="LAPTOP-D919MI6O" failures="2" tests="7" name="Test" time="112.927" errors="0" timestamp="2026-09-01T18:28:25 IST">
  <testcase classname="com.rrr_citizen.test.LoginTestclass" name="verifyCitizenLogin" time="10.147">
    <failure type="org.openqa.selenium.NoSuchElementException" message="no such element: Unable to locate element: {&amp;quot;method&amp;quot;:&amp;quot;xpath&amp;quot;,&amp;quot;selector&amp;quot;:&amp;quot;//h6[text()=&amp;apos;Toilet Cleaning Survey&amp;apos;]&amp;quot;}
  (Session info: chrome=152.0.7977.65)
For documentation on this error, please visit: https://www.selenium.dev/documentation/webdriver/troubleshooting/errors#no-such-element-exception
Build info: version: &amp;apos;4.35.0&amp;apos;, revision: &amp;apos;1c58e5028b&amp;apos;
System info: os.name: &amp;apos;Windows 11&amp;apos;, os.arch: &amp;apos;amd64&amp;apos;, os.version: &amp;apos;10.0&amp;apos;, java.version: &amp;apos;21.0.7&amp;apos;
Driver info: org.openqa.selenium.chrome.ChromeDriver
Command: [4fe64fe0afc6f46e0791753200bc79cd, findElement {using=xpath, value=//h6[text()=&amp;apos;Toilet Cleaning Survey&amp;apos;]}]
Capabilities {acceptInsecureCerts: false, browserName: chrome, browserVersion: 152.0.7977.65, chrome: {chromedriverVersion: 152.0.7977.64 (506c834eccea..., userDataDir: C:\Users\Foxberry\AppData\L...}, fedcm:accounts: true, goog:chromeOptions: {debuggerAddress: localhost:62918}, goog:processID: 13036, networkConnectionEnabled: false, pageLoadStrategy: normal, platformName: windows, proxy: Proxy(), se:cdp: ws://localhost:62918/devtoo..., se:cdpVersion: 152.0.7977.65, setWindowRect: true, strictFileInteractability: false, timeouts: {implicit: 0, pageLoad: 300000, script: 30000}, unhandledPromptBehavior: dismiss and notify, webauthn:extension:credBlob: true, webauthn:extension:largeBlob: true, webauthn:extension:minPinLength: true, webauthn:extension:prf: true, webauthn:virtualAuthenticators: true}
Session ID: 4fe64fe0afc6f46e0791753200bc79cd">
      <![CDATA[org.openqa.selenium.NoSuchElementException: no such element: Unable to locate element: {"method":"xpath","selector":"//h6[text()='Toilet Cleaning Survey']"}
  (Session info: chrome=152.0.7977.65)
For documentation on this error, please visit: https://www.selenium.dev/documentation/webdriver/troubleshooting/errors#no-such-element-exception
Build info: version: '4.35.0', revision: '1c58e5028b'
System info: os.name: 'Windows 11', os.arch: 'amd64', os.version: '10.0', java.version: '21.0.7'
Driver info: org.openqa.selenium.chrome.ChromeDriver
Command: [4fe64fe0afc6f46e0791753200bc79cd, findElement {using=xpath, value=//h6[text()='Toilet Cleaning Survey']}]
Capabilities {acceptInsecureCerts: false, browserName: chrome, browserVersion: 152.0.7977.65, chrome: {chromedriverVersion: 152.0.7977.64 (506c834eccea..., userDataDir: C:\Users\Foxberry\AppData\L...}, fedcm:accounts: true, goog:chromeOptions: {debuggerAddress: localhost:62918}, goog:processID: 13036, networkConnectionEnabled: false, pageLoadStrategy: normal, platformName: windows, proxy: Proxy(), se:cdp: ws://localhost:62918/devtoo..., se:cdpVersion: 152.0.7977.65, setWindowRect: true, strictFileInteractability: false, timeouts: {implicit: 0, pageLoad: 300000, script: 30000}, unhandledPromptBehavior: dismiss and notify, webauthn:extension:credBlob: true, webauthn:extension:largeBlob: true, webauthn:extension:minPinLength: true, webauthn:extension:prf: true, webauthn:virtualAuthenticators: true}
Session ID: 4fe64fe0afc6f46e0791753200bc79cd
at org.openqa.selenium.remote.ErrorCodec.decode(ErrorCodec.java:167)
at org.openqa.selenium.remote.codec.w3c.W3CHttpResponseCodec.decode(W3CHttpResponseCodec.java:138)
at org.openqa.selenium.remote.codec.w3c.W3CHttpResponseCodec.decode(W3CHttpResponseCodec.java:50)
at org.openqa.selenium.remote.HttpCommandExecutor.execute(HttpCommandExecutor.java:215)
at org.openqa.selenium.remote.service.DriverCommandExecutor.invokeExecute(DriverCommandExecutor.java:216)
at org.openqa.selenium.remote.service.DriverCommandExecutor.execute(DriverCommandExecutor.java:174)
at org.openqa.selenium.remote.RemoteWebDriver.execute(RemoteWebDriver.java:557)
at org.openqa.selenium.remote.ElementLocation$ElementFinder$2.findElement(ElementLocation.java:165)
at org.openqa.selenium.remote.ElementLocation.findElement(ElementLocation.java:59)
at org.openqa.selenium.remote.RemoteWebDriver.findElement(RemoteWebDriver.java:380)
at org.openqa.selenium.remote.RemoteWebDriver.findElement(RemoteWebDriver.java:374)
at com.rrr.page.citizen.LoginPage.isToiletCleaningSurveyDisplayed(LoginPage.java:51)
at com.rrr_citizen.test.LoginTestclass.verifyCitizenLogin(LoginTestclass.java:24)
at java.base/java.util.ArrayList.forEach(ArrayList.java:1596)
... Removed 28 stack frames]]>
    </failure>
  </testcase> <!-- verifyCitizenLogin -->
  <testcase classname="com.rrr_citizen.test.AddSurveyFormTC" name="verifyRRRSurveySubmittedSuccesfully" time="3.191"/>
  <testcase classname="com.rrr_citizen.test.AddSurveyFormTC" name="verify_Submitted_SurveyForm_DisplayedSuccesfully" time="0.039"/>
  <testcase classname="com.rrr_citizen.test.AddSurveyFormTC" name="verify_Collection_FilterApplied_Succesfully" time="18.403"/>
  <testcase classname="com.rrr_citizen.test.AddSurveyFormTC" name="verify_Collection_details_shwoingonthetable" time="0.141"/>
  <testcase classname="com.rrr_citizen.test.CollectionHistoryTest" name="testFilterFromToToday" time="18.253"/>
  <testcase classname="com.rrr_citizen.test.CollectionHistoryTest" name="testFilterFromTodayOnly" time="46.165">
    <failure type="org.openqa.selenium.TimeoutException" message="Expected condition failed: waiting for element to be clickable: By.xpath: //button[.//span[normalize-space()=&amp;apos;Filters&amp;apos;]] (tried for 30 second(s) with 500 milliseconds interval)
Build info: version: &amp;apos;4.35.0&amp;apos;, revision: &amp;apos;1c58e5028b&amp;apos;
System info: os.name: &amp;apos;Windows 11&amp;apos;, os.arch: &amp;apos;amd64&amp;apos;, os.version: &amp;apos;10.0&amp;apos;, java.version: &amp;apos;21.0.7&amp;apos;
Driver info: org.openqa.selenium.chrome.ChromeDriver
Capabilities {acceptInsecureCerts: false, browserName: chrome, browserVersion: 152.0.7977.65, chrome: {chromedriverVersion: 152.0.7977.64 (506c834eccea..., userDataDir: C:\Users\Foxberry\AppData\L...}, fedcm:accounts: true, goog:chromeOptions: {debuggerAddress: localhost:62166}, goog:processID: 22048, networkConnectionEnabled: false, pageLoadStrategy: normal, platformName: windows, proxy: Proxy(), se:cdp: ws://localhost:62166/devtoo..., se:cdpVersion: 152.0.7977.65, setWindowRect: true, strictFileInteractability: false, timeouts: {implicit: 0, pageLoad: 300000, script: 30000}, unhandledPromptBehavior: dismiss and notify, webauthn:extension:credBlob: true, webauthn:extension:largeBlob: true, webauthn:extension:minPinLength: true, webauthn:extension:prf: true, webauthn:virtualAuthenticators: true}
Session ID: 981ce02f93af70fd157178bf13105106">
      <![CDATA[org.openqa.selenium.TimeoutException: Expected condition failed: waiting for element to be clickable: By.xpath: //button[.//span[normalize-space()='Filters']] (tried for 30 second(s) with 500 milliseconds interval)
Build info: version: '4.35.0', revision: '1c58e5028b'
System info: os.name: 'Windows 11', os.arch: 'amd64', os.version: '10.0', java.version: '21.0.7'
Driver info: org.openqa.selenium.chrome.ChromeDriver
Capabilities {acceptInsecureCerts: false, browserName: chrome, browserVersion: 152.0.7977.65, chrome: {chromedriverVersion: 152.0.7977.64 (506c834eccea..., userDataDir: C:\Users\Foxberry\AppData\L...}, fedcm:accounts: true, goog:chromeOptions: {debuggerAddress: localhost:62166}, goog:processID: 22048, networkConnectionEnabled: false, pageLoadStrategy: normal, platformName: windows, proxy: Proxy(), se:cdp: ws://localhost:62166/devtoo..., se:cdpVersion: 152.0.7977.65, setWindowRect: true, strictFileInteractability: false, timeouts: {implicit: 0, pageLoad: 300000, script: 30000}, unhandledPromptBehavior: dismiss and notify, webauthn:extension:credBlob: true, webauthn:extension:largeBlob: true, webauthn:extension:minPinLength: true, webauthn:extension:prf: true, webauthn:virtualAuthenticators: true}
Session ID: 981ce02f93af70fd157178bf13105106
at org.openqa.selenium.support.ui.WebDriverWait.timeoutException(WebDriverWait.java:84)
at org.openqa.selenium.support.ui.FluentWait.until(FluentWait.java:228)
at com.rrr.page.citizen.CollectionHistoryPage.clickCollectionFilterButton(CollectionHistoryPage.java:115)
at com.rrr_citizen.test.CollectionHistoryTest.testFilterFromTodayOnly(CollectionHistoryTest.java:34)
at java.base/java.util.ArrayList.forEach(ArrayList.java:1596)
... Removed 25 stack frames]]>
    </failure>
  </testcase> <!-- testFilterFromTodayOnly -->
</testsuite> <!-- Test -->
