<?xml version="1.0" encoding="UTF-8"?>
<!-- Generated by org.testng.reporters.JUnitXMLReporter -->
<testsuite ignored="0" hostname="LAPTOP-D919MI6O" failures="1" tests="7" name="Test" time="105.556" errors="0" timestamp="2026-09-17T15:29:10 IST">
  <testcase classname="com.rrr_citizen.test.LoginTestclass" name="verifyCitizenLogin" time="0.242"/>
  <testcase classname="com.rrr_citizen.test.AddSurveyFormTC" name="verifyRRRSurveySubmittedSuccesfully" time="5.48"/>
  <testcase classname="com.rrr_citizen.test.AddSurveyFormTC" name="verify_Submitted_SurveyForm_DisplayedSuccesfully" time="0.062"/>
  <testcase classname="com.rrr_citizen.test.AddSurveyFormTC" name="verify_Collection_FilterApplied_Succesfully" time="18.768"/>
  <testcase classname="com.rrr_citizen.test.AddSurveyFormTC" name="verify_Collection_details_shwoingonthetable" time="0.168"/>
  <testcase classname="com.rrr_citizen.test.CollectionHistoryTest" name="testFilterFromToToday" time="18.485"/>
  <testcase classname="com.rrr_citizen.test.CollectionHistoryTest" name="testFilterFromTodayOnly" time="46.215">
    <failure type="org.openqa.selenium.TimeoutException" message="Expected condition failed: waiting for element to be clickable: By.xpath: //button[.//span[normalize-space()=&amp;apos;Filters&amp;apos;]] (tried for 30 second(s) with 500 milliseconds interval)
Build info: version: &amp;apos;4.35.0&amp;apos;, revision: &amp;apos;1c58e5028b&amp;apos;
System info: os.name: &amp;apos;Windows 11&amp;apos;, os.arch: &amp;apos;amd64&amp;apos;, os.version: &amp;apos;10.0&amp;apos;, java.version: &amp;apos;21.0.7&amp;apos;
Driver info: org.openqa.selenium.chrome.ChromeDriver
Capabilities {acceptInsecureCerts: false, browserName: chrome, browserVersion: 152.0.7977.83, chrome: {chromedriverVersion: 152.0.7977.82 (d04cdb24d67b..., userDataDir: C:\Users\Foxberry\AppData\L...}, fedcm:accounts: true, goog:chromeOptions: {debuggerAddress: localhost:63184}, goog:processID: 27588, networkConnectionEnabled: false, pageLoadStrategy: normal, platformName: windows, proxy: Proxy(), se:cdp: ws://localhost:63184/devtoo..., se:cdpVersion: 152.0.7977.83, setWindowRect: true, strictFileInteractability: false, timeouts: {implicit: 0, pageLoad: 300000, script: 30000}, unhandledPromptBehavior: dismiss and notify, webauthn:extension:credBlob: true, webauthn:extension:largeBlob: true, webauthn:extension:minPinLength: true, webauthn:extension:prf: true, webauthn:virtualAuthenticators: true}
Session ID: 3f20ed1de8674f0f1b013636b8f16874">
      <![CDATA[org.openqa.selenium.TimeoutException: Expected condition failed: waiting for element to be clickable: By.xpath: //button[.//span[normalize-space()='Filters']] (tried for 30 second(s) with 500 milliseconds interval)
Build info: version: '4.35.0', revision: '1c58e5028b'
System info: os.name: 'Windows 11', os.arch: 'amd64', os.version: '10.0', java.version: '21.0.7'
Driver info: org.openqa.selenium.chrome.ChromeDriver
Capabilities {acceptInsecureCerts: false, browserName: chrome, browserVersion: 152.0.7977.83, chrome: {chromedriverVersion: 152.0.7977.82 (d04cdb24d67b..., userDataDir: C:\Users\Foxberry\AppData\L...}, fedcm:accounts: true, goog:chromeOptions: {debuggerAddress: localhost:63184}, goog:processID: 27588, networkConnectionEnabled: false, pageLoadStrategy: normal, platformName: windows, proxy: Proxy(), se:cdp: ws://localhost:63184/devtoo..., se:cdpVersion: 152.0.7977.83, setWindowRect: true, strictFileInteractability: false, timeouts: {implicit: 0, pageLoad: 300000, script: 30000}, unhandledPromptBehavior: dismiss and notify, webauthn:extension:credBlob: true, webauthn:extension:largeBlob: true, webauthn:extension:minPinLength: true, webauthn:extension:prf: true, webauthn:virtualAuthenticators: true}
Session ID: 3f20ed1de8674f0f1b013636b8f16874
at org.openqa.selenium.support.ui.WebDriverWait.timeoutException(WebDriverWait.java:84)
at org.openqa.selenium.support.ui.FluentWait.until(FluentWait.java:228)
at com.rrr.page.citizen.CollectionHistoryPage.clickCollectionFilterButton(CollectionHistoryPage.java:115)
at com.rrr_citizen.test.CollectionHistoryTest.testFilterFromTodayOnly(CollectionHistoryTest.java:34)
at java.base/java.util.ArrayList.forEach(ArrayList.java:1596)
... Removed 25 stack frames]]>
    </failure>
  </testcase> <!-- testFilterFromTodayOnly -->
</testsuite> <!-- Test -->
