<?xml version="1.0" encoding="UTF-8"?>
<!-- Generated by org.testng.reporters.JUnitXMLReporter -->
<testsuite ignored="10" hostname="LAPTOP-D919MI6O" failures="0" tests="27" name="Admin Module" time="116.712" errors="0" timestamp="2026-07-01T12:42:45 IST">
  <testcase classname="com.gardenticketing.tests.admin.LoginPageTC" name="verifyUserCanLoginWithValidOTP" time="0.021"/>
  <testcase classname="com.gardenticketing.tests.admin.DashboardTest" name="verifyTotalGardensCard" time="0.285"/>
  <testcase classname="com.gardenticketing.tests.admin.DashboardTest" name="verifyTotalTicketsCard" time="0.207"/>
  <testcase classname="com.gardenticketing.tests.admin.DashboardTest" name="verifyTotalCollectionCard" time="0.379"/>
  <testcase classname="com.gardenticketing.tests.admin.DashboardTest" name="verifyTotalUsersCard" time="0.334"/>
  <testcase classname="com.gardenticketing.tests.admin.DashboardTest" name="verifyPieGraph" time="0.108"/>
  <testcase classname="com.gardenticketing.tests.admin.addgardenTC" name="verify_theNew_garden_added_Successfully" time="32.059"/>
  <testcase classname="com.gardenticketing.tests.admin.addgardenTC" name="verify_Update_Garden_Details" time="8.476"/>
  <testcase classname="com.gardenticketing.tests.admin.addgardenTC" name="verify_lastGarden_is_deleted_successfully" time="9.3"/>
  <testcase classname="com.gardenticketing.tests.admin.BookingReportTC" name="verifyByclickingOnBookingReport" time="5.062"/>
  <testcase classname="com.gardenticketing.tests.admin.BookingReportTC" name="Verifythe_all_Genralpass_tickets_showing" time="0.143"/>
  <testcase classname="com.gardenticketing.tests.admin.BookingReportTC" name="Verifythe_all_Creatorpass_tickets_showing_Dashboard" time="0.15"/>
  <testcase classname="com.gardenticketing.tests.admin.BookingReportTC" name="Verify_the_all_Event_pass_tickets_showing_Dashboard" time="0.139"/>
  <testcase classname="com.gardenticketing.tests.admin.BookingReportTC" name="Check_by_Selecting_FromDate" time="0.097"/>
  <testcase classname="com.gardenticketing.tests.admin.BookingReportTC" name="Check_by_Selecting_ToDate" time="0.122"/>
  <testcase classname="com.gardenticketing.tests.admin.BookingReportTC" name="verify_datewise_datashowingOn_table" time="0.046"/>
  <testcase classname="com.gardenticketing.tests.admin.BookingReportTC" name="verify_filterdata_reseted_afterClickedOn_Reset" time="0.048"/>
  <testcase classname="com.gardenticketing.tests.admin.BookingReportTC" name="verify_the_Usercan_View_Ticket_succesfully_And_Cancel_ticket_icon" time="0.114"/>
  <testcase classname="com.gardenticketing.tests.admin.BookingReportTC" name="verify_the_garden_ticketExported_succesfully_ByclickonExportfunctionaity" time="0.047"/>
  <testcase classname="com.gardenticketing.tests.admin.ScannerTC" name="verifyScannerButtonClickable" time="2.148"/>
  <testcase classname="com.gardenticketing.tests.admin.ScannerTC" name="verifyCameraOFFButton" time="3.424"/>
  <testcase classname="com.gardenticketing.tests.admin.ScannerTC" name="verifyCameraONButton" time="2.053"/>
  <testcase classname="com.gardenticketing.tests.admin.ScannerTC" name="verifyOpenProfile" time="3.424"/>
  <testcase classname="com.gardenticketing.tests.admin.ScannerTC" name="verifyProfileBackNavigation" time="2.087"/>
  <testcase classname="com.gardenticketing.tests.admin.UsersTC" name="Verified_New_user_addedSuccesfully" time="14.759"/>
  <testcase classname="com.gardenticketing.tests.admin.UsersTC" name="Check_By_Selecting_pagination_fromDropdown" time="0.474"/>
  <testcase classname="com.gardenticketing.tests.admin.UsersTC" name="verify_User_deleted_Successfully" time="5.103"/>
  <testcase classname="com.gardenticketing.base.BaseTestclass" name="@BeforeSuite setUpSuite" time="0.0">
    <ignored/>
  </testcase> <!-- @BeforeSuite setUpSuite -->
  <testcase classname="com.gardenticketing.base.BaseTestclass" name="@AfterSuite tearDownSuite" time="0.0">
    <ignored/>
  </testcase> <!-- @AfterSuite tearDownSuite -->
  <testcase classname="com.gardenticketing.base.BaseTestclass" name="@AfterSuite tearDownSuite" time="0.0">
    <ignored/>
  </testcase> <!-- @AfterSuite tearDownSuite -->
  <testcase classname="com.gardenticketing.base.BaseTestclass" name="@AfterSuite tearDownSuite" time="0.0">
    <ignored/>
  </testcase> <!-- @AfterSuite tearDownSuite -->
  <testcase classname="com.gardenticketing.base.BaseTestclass" name="@AfterSuite tearDownSuite" time="0.0">
    <ignored/>
  </testcase> <!-- @AfterSuite tearDownSuite -->
  <testcase classname="com.gardenticketing.base.BaseTestclass" name="@BeforeSuite setUpSuite" time="0.0">
    <ignored/>
  </testcase> <!-- @BeforeSuite setUpSuite -->
  <testcase classname="com.gardenticketing.base.BaseTestclass" name="@AfterSuite tearDownSuite" time="0.0">
    <ignored/>
  </testcase> <!-- @AfterSuite tearDownSuite -->
  <testcase classname="com.gardenticketing.base.BaseTestclass" name="@BeforeSuite setUpSuite" time="0.0">
    <ignored/>
  </testcase> <!-- @BeforeSuite setUpSuite -->
  <testcase classname="com.gardenticketing.base.BaseTestclass" name="@BeforeSuite setUpSuite" time="0.0">
    <ignored/>
  </testcase> <!-- @BeforeSuite setUpSuite -->
  <testcase classname="com.gardenticketing.base.BaseTestclass" name="@BeforeSuite setUpSuite" time="0.0">
    <ignored/>
  </testcase> <!-- @BeforeSuite setUpSuite -->
</testsuite> <!-- Admin Module -->
