<?xml version="1.0" encoding="UTF-8"?>
<!-- Generated by org.testng.reporters.JUnitXMLReporter -->
<testsuite ignored="6" hostname="LAPTOP-D919MI6O" failures="0" tests="5" name="Citizen Module" time="47.427" errors="0" timestamp="2026-07-01T12:43:33 IST">
  <testcase classname="com.gardenticketing.tests.Citizen.BookticketTestcases" name="verifyGenralTicketBookingAndUPIPayment" time="12.177"/>
  <testcase classname="com.gardenticketing.tests.Citizen.BookticketTestcases" name="verifyCreatorPassPhotographyBookingAndUPIPayment" time="11.615"/>
  <testcase classname="com.gardenticketing.tests.Citizen.BookticketTestcases" name="verifyCreatorPassVideographyBookingAndUPIPayment" time="11.712"/>
  <testcase classname="com.gardenticketing.tests.Citizen.TicketsPageTC" name="verifyTicketDownloadedSuccessfully" time="3.619"/>
  <testcase classname="com.gardenticketing.tests.Citizen.TermAndConditionpageTC" name="verifyTermAndConditionPage" time="0.098"/>
  <testcase classname="com.gardenticketing.base.BaseTestclass" name="@BeforeSuite setUpSuite" time="0.0">
    <ignored/>
  </testcase> <!-- @BeforeSuite setUpSuite -->
  <testcase classname="com.gardenticketing.base.BaseTestclass" name="@AfterSuite tearDownSuite" time="0.0">
    <ignored/>
  </testcase> <!-- @AfterSuite tearDownSuite -->
  <testcase classname="com.gardenticketing.base.BaseTestClassCitizen" name="@BeforeSuite citizenLogin" time="0.0">
    <ignored/>
  </testcase> <!-- @BeforeSuite citizenLogin -->
  <testcase classname="com.gardenticketing.base.BaseTestclass" name="@AfterSuite tearDownSuite" time="0.0">
    <ignored/>
  </testcase> <!-- @AfterSuite tearDownSuite -->
  <testcase classname="com.gardenticketing.base.BaseTestclass" name="@BeforeSuite setUpSuite" time="0.0">
    <ignored/>
  </testcase> <!-- @BeforeSuite setUpSuite -->
  <testcase classname="com.gardenticketing.base.BaseTestClassCitizen" name="@BeforeSuite citizenLogin" time="0.0">
    <ignored/>
  </testcase> <!-- @BeforeSuite citizenLogin -->
</testsuite> <!-- Citizen Module -->
