<?xml version="1.0" encoding="UTF-8"?>
<testng-results ignored="0" total="1" passed="1" failed="0" skipped="0">
  <reporter-output>
  </reporter-output>
  <suite started-at="2026-09-17T15:33:02 IST" name="Default suite" finished-at="2026-09-17T15:33:24 IST" duration-ms="22140">
    <groups>
    </groups>
    <test started-at="2026-09-17T15:33:02 IST" name="Default test" finished-at="2026-09-17T15:33:24 IST" duration-ms="22140">
      <class name="com.rrr_citizen.test.CollectionHistoryTest">
        <test-method is-config="true" signature="setUp(java.lang.String,java.lang.String)[pri:0, instance:com.rrr_citizen.test.CollectionHistoryTest@4c5ae43b]" started-at="2026-09-17T15:33:02 IST" name="setUp" finished-at="2026-09-17T15:33:05 IST" duration-ms="3132" status="PASS">
          <params>
            <param index="0">
              <value>
                <![CDATA[citizen]]>
              </value>
            </param>
            <param index="1">
              <value>
                <![CDATA[chrome]]>
              </value>
            </param>
          </params>
          <reporter-output>
          </reporter-output>
        </test-method> <!-- setUp -->
        <test-method signature="testFilterFromToToday()[pri:0, instance:com.rrr_citizen.test.CollectionHistoryTest@4c5ae43b]" started-at="2026-09-17T15:33:05 IST" name="testFilterFromToToday" description="Filter collections by From=Today and To=Today and verify results" finished-at="2026-09-17T15:33:24 IST" duration-ms="18561" status="PASS">
          <reporter-output>
          </reporter-output>
        </test-method> <!-- testFilterFromToToday -->
        <test-method is-config="true" signature="tearDown()[pri:0, instance:com.rrr_citizen.test.CollectionHistoryTest@4c5ae43b]" started-at="2026-09-17T15:33:24 IST" name="tearDown" finished-at="2026-09-17T15:33:24 IST" duration-ms="380" status="PASS">
          <reporter-output>
          </reporter-output>
        </test-method> <!-- tearDown -->
      </class> <!-- com.rrr_citizen.test.CollectionHistoryTest -->
    </test> <!-- Default test -->
  </suite> <!-- Default suite -->
</testng-results>
