<?xml version="1.0" encoding="UTF-8"?>
<testng-results ignored="0" total="32" passed="32" failed="0" skipped="0">
  <reporter-output>
  </reporter-output>
  <suite started-at="2026-07-01T12:40:49 IST" name="GardenTicketingSuite" finished-at="2026-07-01T12:43:33 IST" duration-ms="164170">
    <groups>
    </groups>
    <test started-at="2026-07-01T12:40:49 IST" name="Admin Module" finished-at="2026-07-01T12:42:45 IST" duration-ms="116712">
      <class name="com.gardenticketing.tests.admin.UsersTC">
        <test-method is-config="true" signature="loginToAdmin()[pri:0, instance:com.gardenticketing.tests.admin.UsersTC@14f232c4]" started-at="2026-07-01T12:42:24 IST" name="loginToAdmin" finished-at="2026-07-01T12:42:25 IST" duration-ms="938" status="PASS">
          <reporter-output>
          </reporter-output>
        </test-method> <!-- loginToAdmin -->
        <test-method is-config="true" signature="setuppage()[pri:0, instance:com.gardenticketing.tests.admin.UsersTC@14f232c4]" started-at="2026-07-01T12:42:25 IST" name="setuppage" finished-at="2026-07-01T12:42:25 IST" duration-ms="13" status="PASS">
          <reporter-output>
          </reporter-output>
        </test-method> <!-- setuppage -->
        <test-method signature="Verified_New_user_addedSuccesfully()[pri:1, instance:com.gardenticketing.tests.admin.UsersTC@14f232c4]" started-at="2026-07-01T12:42:25 IST" name="Verified_New_user_addedSuccesfully" finished-at="2026-07-01T12:42:40 IST" duration-ms="14759" status="PASS">
          <reporter-output>
          </reporter-output>
        </test-method> <!-- Verified_New_user_addedSuccesfully -->
        <test-method signature="Check_By_Selecting_pagination_fromDropdown()[pri:2, instance:com.gardenticketing.tests.admin.UsersTC@14f232c4]" started-at="2026-07-01T12:42:40 IST" name="Check_By_Selecting_pagination_fromDropdown" finished-at="2026-07-01T12:42:40 IST" duration-ms="474" status="PASS">
          <reporter-output>
          </reporter-output>
        </test-method> <!-- Check_By_Selecting_pagination_fromDropdown -->
        <test-method signature="verify_User_deleted_Successfully()[pri:3, instance:com.gardenticketing.tests.admin.UsersTC@14f232c4]" started-at="2026-07-01T12:42:40 IST" name="verify_User_deleted_Successfully" finished-at="2026-07-01T12:42:45 IST" duration-ms="5103" status="PASS">
          <reporter-output>
          </reporter-output>
        </test-method> <!-- verify_User_deleted_Successfully -->
      </class> <!-- com.gardenticketing.tests.admin.UsersTC -->
      <class name="com.gardenticketing.tests.admin.LoginPageTC">
        <test-method is-config="true" signature="loginToAdmin()[pri:0, instance:com.gardenticketing.tests.admin.LoginPageTC@35a3d49f]" started-at="2026-07-01T12:40:49 IST" name="loginToAdmin" finished-at="2026-07-01T12:40:50 IST" duration-ms="1309" status="PASS">
          <reporter-output>
          </reporter-output>
        </test-method> <!-- loginToAdmin -->
        <test-method signature="verifyUserCanLoginWithValidOTP()[pri:1, instance:com.gardenticketing.tests.admin.LoginPageTC@35a3d49f]" started-at="2026-07-01T12:40:50 IST" name="verifyUserCanLoginWithValidOTP" finished-at="2026-07-01T12:40:50 IST" duration-ms="21" status="PASS">
          <reporter-output>
          </reporter-output>
        </test-method> <!-- verifyUserCanLoginWithValidOTP -->
      </class> <!-- com.gardenticketing.tests.admin.LoginPageTC -->
      <class name="com.gardenticketing.tests.admin.ScannerTC">
        <test-method is-config="true" signature="loginToAdmin()[pri:0, instance:com.gardenticketing.tests.admin.ScannerTC@2415fc55]" started-at="2026-07-01T12:42:10 IST" name="loginToAdmin" finished-at="2026-07-01T12:42:11 IST" duration-ms="822" status="PASS">
          <reporter-output>
          </reporter-output>
        </test-method> <!-- loginToAdmin -->
        <test-method is-config="true" signature="setUpPages()[pri:0, instance:com.gardenticketing.tests.admin.ScannerTC@2415fc55]" started-at="2026-07-01T12:42:11 IST" name="setUpPages" finished-at="2026-07-01T12:42:11 IST" duration-ms="11" status="PASS">
          <reporter-output>
          </reporter-output>
        </test-method> <!-- setUpPages -->
        <test-method signature="verifyScannerButtonClickable()[pri:1, instance:com.gardenticketing.tests.admin.ScannerTC@2415fc55]" started-at="2026-07-01T12:42:11 IST" name="verifyScannerButtonClickable" finished-at="2026-07-01T12:42:13 IST" duration-ms="2148" status="PASS">
          <reporter-output>
          </reporter-output>
        </test-method> <!-- verifyScannerButtonClickable -->
        <test-method signature="verifyCameraOFFButton()[pri:2, instance:com.gardenticketing.tests.admin.ScannerTC@2415fc55]" started-at="2026-07-01T12:42:13 IST" name="verifyCameraOFFButton" finished-at="2026-07-01T12:42:16 IST" duration-ms="3424" status="PASS">
          <reporter-output>
          </reporter-output>
        </test-method> <!-- verifyCameraOFFButton -->
        <test-method signature="verifyCameraONButton()[pri:3, instance:com.gardenticketing.tests.admin.ScannerTC@2415fc55]" started-at="2026-07-01T12:42:16 IST" name="verifyCameraONButton" finished-at="2026-07-01T12:42:18 IST" duration-ms="2053" status="PASS">
          <reporter-output>
          </reporter-output>
        </test-method> <!-- verifyCameraONButton -->
        <test-method signature="verifyOpenProfile()[pri:4, instance:com.gardenticketing.tests.admin.ScannerTC@2415fc55]" started-at="2026-07-01T12:42:18 IST" name="verifyOpenProfile" finished-at="2026-07-01T12:42:22 IST" duration-ms="3424" status="PASS">
          <reporter-output>
          </reporter-output>
        </test-method> <!-- verifyOpenProfile -->
        <test-method signature="verifyProfileBackNavigation()[pri:5, instance:com.gardenticketing.tests.admin.ScannerTC@2415fc55]" started-at="2026-07-01T12:42:22 IST" name="verifyProfileBackNavigation" finished-at="2026-07-01T12:42:24 IST" duration-ms="2087" status="PASS">
          <reporter-output>
          </reporter-output>
        </test-method> <!-- verifyProfileBackNavigation -->
      </class> <!-- com.gardenticketing.tests.admin.ScannerTC -->
      <class name="com.gardenticketing.tests.admin.addgardenTC">
        <test-method is-config="true" signature="loginToAdmin()[pri:0, instance:com.gardenticketing.tests.admin.addgardenTC@30b6ffe0]" started-at="2026-07-01T12:40:52 IST" name="loginToAdmin" finished-at="2026-07-01T12:40:53 IST" duration-ms="989" status="PASS">
          <reporter-output>
          </reporter-output>
        </test-method> <!-- loginToAdmin -->
        <test-method signature="verify_theNew_garden_added_Successfully()[pri:1, instance:com.gardenticketing.tests.admin.addgardenTC@30b6ffe0]" started-at="2026-07-01T12:40:53 IST" name="verify_theNew_garden_added_Successfully" finished-at="2026-07-01T12:41:25 IST" duration-ms="32059" status="PASS">
          <reporter-output>
          </reporter-output>
        </test-method> <!-- verify_theNew_garden_added_Successfully -->
        <test-method signature="verify_Update_Garden_Details()[pri:2, instance:com.gardenticketing.tests.admin.addgardenTC@30b6ffe0]" started-at="2026-07-01T12:41:25 IST" name="verify_Update_Garden_Details" finished-at="2026-07-01T12:41:34 IST" depends-on-methods="com.gardenticketing.tests.admin.addgardenTC.verify_theNew_garden_added_Successfully" duration-ms="8476" status="PASS">
          <reporter-output>
          </reporter-output>
        </test-method> <!-- verify_Update_Garden_Details -->
        <test-method signature="verify_lastGarden_is_deleted_successfully()[pri:3, instance:com.gardenticketing.tests.admin.addgardenTC@30b6ffe0]" started-at="2026-07-01T12:41:34 IST" name="verify_lastGarden_is_deleted_successfully" finished-at="2026-07-01T12:41:43 IST" depends-on-methods="com.gardenticketing.tests.admin.addgardenTC.verify_Update_Garden_Details" duration-ms="9300" status="PASS">
          <reporter-output>
          </reporter-output>
        </test-method> <!-- verify_lastGarden_is_deleted_successfully -->
      </class> <!-- com.gardenticketing.tests.admin.addgardenTC -->
      <class name="com.gardenticketing.tests.admin.DashboardTest">
        <test-method is-config="true" signature="loginToAdmin()[pri:0, instance:com.gardenticketing.tests.admin.DashboardTest@43015c69]" started-at="2026-07-01T12:40:50 IST" name="loginToAdmin" finished-at="2026-07-01T12:40:51 IST" duration-ms="1054" status="PASS">
          <reporter-output>
          </reporter-output>
        </test-method> <!-- loginToAdmin -->
        <test-method is-config="true" signature="setUpPage()[pri:0, instance:com.gardenticketing.tests.admin.DashboardTest@43015c69]" started-at="2026-07-01T12:40:51 IST" name="setUpPage" finished-at="2026-07-01T12:40:51 IST" duration-ms="4" status="PASS">
          <reporter-output>
          </reporter-output>
        </test-method> <!-- setUpPage -->
        <test-method signature="verifyTotalGardensCard()[pri:1, instance:com.gardenticketing.tests.admin.DashboardTest@43015c69]" started-at="2026-07-01T12:40:51 IST" name="verifyTotalGardensCard" description="Verify Total Gardens card count and navigation" finished-at="2026-07-01T12:40:51 IST" duration-ms="285" status="PASS">
          <reporter-output>
          </reporter-output>
        </test-method> <!-- verifyTotalGardensCard -->
        <test-method signature="verifyTotalTicketsCard()[pri:2, instance:com.gardenticketing.tests.admin.DashboardTest@43015c69]" started-at="2026-07-01T12:40:51 IST" name="verifyTotalTicketsCard" description="Verify Total Tickets card count and navigation" finished-at="2026-07-01T12:40:51 IST" duration-ms="207" status="PASS">
          <reporter-output>
          </reporter-output>
        </test-method> <!-- verifyTotalTicketsCard -->
        <test-method signature="verifyTotalCollectionCard()[pri:3, instance:com.gardenticketing.tests.admin.DashboardTest@43015c69]" started-at="2026-07-01T12:40:51 IST" name="verifyTotalCollectionCard" description="Verify Total Collection card count and navigation" finished-at="2026-07-01T12:40:52 IST" duration-ms="379" status="PASS">
          <reporter-output>
          </reporter-output>
        </test-method> <!-- verifyTotalCollectionCard -->
        <test-method signature="verifyTotalUsersCard()[pri:4, instance:com.gardenticketing.tests.admin.DashboardTest@43015c69]" started-at="2026-07-01T12:40:52 IST" name="verifyTotalUsersCard" description="Verify Total Users card count and navigation" finished-at="2026-07-01T12:40:52 IST" duration-ms="334" status="PASS">
          <reporter-output>
          </reporter-output>
        </test-method> <!-- verifyTotalUsersCard -->
        <test-method signature="verifyPieGraph()[pri:5, instance:com.gardenticketing.tests.admin.DashboardTest@43015c69]" started-at="2026-07-01T12:40:52 IST" name="verifyPieGraph" description="Verify Pie Graph visibility and click" finished-at="2026-07-01T12:40:52 IST" duration-ms="108" status="PASS">
          <reporter-output>
          </reporter-output>
        </test-method> <!-- verifyPieGraph -->
      </class> <!-- com.gardenticketing.tests.admin.DashboardTest -->
      <class name="com.gardenticketing.tests.admin.BookingReportTC">
        <test-method is-config="true" signature="loginToAdmin()[pri:0, instance:com.gardenticketing.tests.admin.BookingReportTC@791d1f8b]" started-at="2026-07-01T12:41:43 IST" name="loginToAdmin" finished-at="2026-07-01T12:41:44 IST" duration-ms="771" status="PASS">
          <reporter-output>
          </reporter-output>
        </test-method> <!-- loginToAdmin -->
        <test-method is-config="true" signature="setuppage()[pri:0, instance:com.gardenticketing.tests.admin.BookingReportTC@791d1f8b]" started-at="2026-07-01T12:41:44 IST" name="setuppage" finished-at="2026-07-01T12:41:44 IST" duration-ms="15" status="PASS">
          <reporter-output>
          </reporter-output>
        </test-method> <!-- setuppage -->
        <test-method signature="verifyByclickingOnBookingReport()[pri:1, instance:com.gardenticketing.tests.admin.BookingReportTC@791d1f8b]" started-at="2026-07-01T12:41:44 IST" name="verifyByclickingOnBookingReport" finished-at="2026-07-01T12:41:49 IST" duration-ms="5062" status="PASS">
          <reporter-output>
          </reporter-output>
        </test-method> <!-- verifyByclickingOnBookingReport -->
        <test-method is-config="true" signature="slowDown()[pri:0, instance:com.gardenticketing.tests.admin.BookingReportTC@791d1f8b]" started-at="2026-07-01T12:41:49 IST" name="slowDown" finished-at="2026-07-01T12:41:51 IST" duration-ms="2014" status="PASS">
          <reporter-output>
          </reporter-output>
        </test-method> <!-- slowDown -->
        <test-method signature="Verifythe_all_Genralpass_tickets_showing()[pri:2, instance:com.gardenticketing.tests.admin.BookingReportTC@791d1f8b]" started-at="2026-07-01T12:41:51 IST" name="Verifythe_all_Genralpass_tickets_showing" finished-at="2026-07-01T12:41:51 IST" duration-ms="143" status="PASS">
          <reporter-output>
          </reporter-output>
        </test-method> <!-- Verifythe_all_Genralpass_tickets_showing -->
        <test-method is-config="true" signature="slowDown()[pri:0, instance:com.gardenticketing.tests.admin.BookingReportTC@791d1f8b]" started-at="2026-07-01T12:41:51 IST" name="slowDown" finished-at="2026-07-01T12:41:53 IST" duration-ms="2013" status="PASS">
          <reporter-output>
          </reporter-output>
        </test-method> <!-- slowDown -->
        <test-method signature="Verifythe_all_Creatorpass_tickets_showing_Dashboard()[pri:3, instance:com.gardenticketing.tests.admin.BookingReportTC@791d1f8b]" started-at="2026-07-01T12:41:53 IST" name="Verifythe_all_Creatorpass_tickets_showing_Dashboard" finished-at="2026-07-01T12:41:53 IST" duration-ms="150" status="PASS">
          <reporter-output>
          </reporter-output>
        </test-method> <!-- Verifythe_all_Creatorpass_tickets_showing_Dashboard -->
        <test-method is-config="true" signature="slowDown()[pri:0, instance:com.gardenticketing.tests.admin.BookingReportTC@791d1f8b]" started-at="2026-07-01T12:41:53 IST" name="slowDown" finished-at="2026-07-01T12:41:55 IST" duration-ms="2005" status="PASS">
          <reporter-output>
          </reporter-output>
        </test-method> <!-- slowDown -->
        <test-method signature="Verify_the_all_Event_pass_tickets_showing_Dashboard()[pri:4, instance:com.gardenticketing.tests.admin.BookingReportTC@791d1f8b]" started-at="2026-07-01T12:41:55 IST" name="Verify_the_all_Event_pass_tickets_showing_Dashboard" finished-at="2026-07-01T12:41:55 IST" duration-ms="139" status="PASS">
          <reporter-output>
          </reporter-output>
        </test-method> <!-- Verify_the_all_Event_pass_tickets_showing_Dashboard -->
        <test-method is-config="true" signature="slowDown()[pri:0, instance:com.gardenticketing.tests.admin.BookingReportTC@791d1f8b]" started-at="2026-07-01T12:41:55 IST" name="slowDown" finished-at="2026-07-01T12:41:57 IST" duration-ms="2004" status="PASS">
          <reporter-output>
          </reporter-output>
        </test-method> <!-- slowDown -->
        <test-method signature="Check_by_Selecting_FromDate()[pri:5, instance:com.gardenticketing.tests.admin.BookingReportTC@791d1f8b]" started-at="2026-07-01T12:41:57 IST" name="Check_by_Selecting_FromDate" finished-at="2026-07-01T12:41:58 IST" duration-ms="97" status="PASS">
          <reporter-output>
          </reporter-output>
        </test-method> <!-- Check_by_Selecting_FromDate -->
        <test-method is-config="true" signature="slowDown()[pri:0, instance:com.gardenticketing.tests.admin.BookingReportTC@791d1f8b]" started-at="2026-07-01T12:41:58 IST" name="slowDown" finished-at="2026-07-01T12:42:00 IST" duration-ms="2003" status="PASS">
          <reporter-output>
          </reporter-output>
        </test-method> <!-- slowDown -->
        <test-method signature="Check_by_Selecting_ToDate()[pri:6, instance:com.gardenticketing.tests.admin.BookingReportTC@791d1f8b]" started-at="2026-07-01T12:42:00 IST" name="Check_by_Selecting_ToDate" finished-at="2026-07-01T12:42:00 IST" duration-ms="122" status="PASS">
          <reporter-output>
          </reporter-output>
        </test-method> <!-- Check_by_Selecting_ToDate -->
        <test-method is-config="true" signature="slowDown()[pri:0, instance:com.gardenticketing.tests.admin.BookingReportTC@791d1f8b]" started-at="2026-07-01T12:42:00 IST" name="slowDown" finished-at="2026-07-01T12:42:02 IST" duration-ms="2011" status="PASS">
          <reporter-output>
          </reporter-output>
        </test-method> <!-- slowDown -->
        <test-method signature="verify_datewise_datashowingOn_table()[pri:7, instance:com.gardenticketing.tests.admin.BookingReportTC@791d1f8b]" started-at="2026-07-01T12:42:02 IST" name="verify_datewise_datashowingOn_table" finished-at="2026-07-01T12:42:02 IST" duration-ms="46" status="PASS">
          <reporter-output>
          </reporter-output>
        </test-method> <!-- verify_datewise_datashowingOn_table -->
        <test-method is-config="true" signature="slowDown()[pri:0, instance:com.gardenticketing.tests.admin.BookingReportTC@791d1f8b]" started-at="2026-07-01T12:42:02 IST" name="slowDown" finished-at="2026-07-01T12:42:04 IST" duration-ms="2004" status="PASS">
          <reporter-output>
          </reporter-output>
        </test-method> <!-- slowDown -->
        <test-method signature="verify_filterdata_reseted_afterClickedOn_Reset()[pri:7, instance:com.gardenticketing.tests.admin.BookingReportTC@791d1f8b]" started-at="2026-07-01T12:42:04 IST" name="verify_filterdata_reseted_afterClickedOn_Reset" finished-at="2026-07-01T12:42:04 IST" duration-ms="48" status="PASS">
          <reporter-output>
          </reporter-output>
        </test-method> <!-- verify_filterdata_reseted_afterClickedOn_Reset -->
        <test-method is-config="true" signature="slowDown()[pri:0, instance:com.gardenticketing.tests.admin.BookingReportTC@791d1f8b]" started-at="2026-07-01T12:42:04 IST" name="slowDown" finished-at="2026-07-01T12:42:06 IST" duration-ms="2001" status="PASS">
          <reporter-output>
          </reporter-output>
        </test-method> <!-- slowDown -->
        <test-method signature="verify_the_Usercan_View_Ticket_succesfully_And_Cancel_ticket_icon()[pri:8, instance:com.gardenticketing.tests.admin.BookingReportTC@791d1f8b]" started-at="2026-07-01T12:42:06 IST" name="verify_the_Usercan_View_Ticket_succesfully_And_Cancel_ticket_icon" finished-at="2026-07-01T12:42:06 IST" duration-ms="114" status="PASS">
          <reporter-output>
          </reporter-output>
        </test-method> <!-- verify_the_Usercan_View_Ticket_succesfully_And_Cancel_ticket_icon -->
        <test-method is-config="true" signature="slowDown()[pri:0, instance:com.gardenticketing.tests.admin.BookingReportTC@791d1f8b]" started-at="2026-07-01T12:42:06 IST" name="slowDown" finished-at="2026-07-01T12:42:08 IST" duration-ms="2010" status="PASS">
          <reporter-output>
          </reporter-output>
        </test-method> <!-- slowDown -->
        <test-method signature="verify_the_garden_ticketExported_succesfully_ByclickonExportfunctionaity()[pri:9, instance:com.gardenticketing.tests.admin.BookingReportTC@791d1f8b]" started-at="2026-07-01T12:42:08 IST" name="verify_the_garden_ticketExported_succesfully_ByclickonExportfunctionaity" finished-at="2026-07-01T12:42:08 IST" duration-ms="47" status="PASS">
          <reporter-output>
          </reporter-output>
        </test-method> <!-- verify_the_garden_ticketExported_succesfully_ByclickonExportfunctionaity -->
        <test-method is-config="true" signature="slowDown()[pri:0, instance:com.gardenticketing.tests.admin.BookingReportTC@791d1f8b]" started-at="2026-07-01T12:42:08 IST" name="slowDown" finished-at="2026-07-01T12:42:10 IST" duration-ms="2017" status="PASS">
          <reporter-output>
          </reporter-output>
        </test-method> <!-- slowDown -->
      </class> <!-- com.gardenticketing.tests.admin.BookingReportTC -->
    </test> <!-- Admin Module -->
    <test started-at="2026-07-01T12:42:45 IST" name="Citizen Module" finished-at="2026-07-01T12:43:33 IST" duration-ms="47427">
      <class name="com.gardenticketing.tests.Citizen.BookticketTestcases">
        <test-method is-config="true" signature="setUpSuite()[pri:0, instance:com.gardenticketing.tests.Citizen.BookticketTestcases@14a50707]" started-at="2026-07-01T12:40:35 IST" name="setUpSuite" finished-at="2026-07-01T12:40:37 IST" duration-ms="1722" status="PASS">
          <reporter-output>
          </reporter-output>
        </test-method> <!-- setUpSuite -->
        <test-method is-config="true" signature="citizenLogin()[pri:0, instance:com.gardenticketing.tests.Citizen.BookticketTestcases@14a50707]" started-at="2026-07-01T12:40:37 IST" name="citizenLogin" finished-at="2026-07-01T12:40:49 IST" depends-on-methods="com.gardenticketing.base.BaseTestclass.setUpSuite" duration-ms="11380" status="PASS">
          <reporter-output>
          </reporter-output>
        </test-method> <!-- citizenLogin -->
        <test-method is-config="true" signature="navigateToHomePage()[pri:0, instance:com.gardenticketing.tests.Citizen.BookticketTestcases@14a50707]" started-at="2026-07-01T12:42:45 IST" name="navigateToHomePage" finished-at="2026-07-01T12:42:47 IST" duration-ms="2058" status="PASS">
          <reporter-output>
          </reporter-output>
        </test-method> <!-- navigateToHomePage -->
        <test-method signature="verifyGenralTicketBookingAndUPIPayment()[pri:1, instance:com.gardenticketing.tests.Citizen.BookticketTestcases@14a50707]" started-at="2026-07-01T12:42:47 IST" name="verifyGenralTicketBookingAndUPIPayment" finished-at="2026-07-01T12:42:59 IST" duration-ms="12177" status="PASS">
          <reporter-output>
          </reporter-output>
        </test-method> <!-- verifyGenralTicketBookingAndUPIPayment -->
        <test-method is-config="true" signature="navigateToHomePage()[pri:0, instance:com.gardenticketing.tests.Citizen.BookticketTestcases@14a50707]" started-at="2026-07-01T12:42:59 IST" name="navigateToHomePage" finished-at="2026-07-01T12:43:02 IST" duration-ms="2054" status="PASS">
          <reporter-output>
          </reporter-output>
        </test-method> <!-- navigateToHomePage -->
        <test-method signature="verifyCreatorPassPhotographyBookingAndUPIPayment()[pri:2, instance:com.gardenticketing.tests.Citizen.BookticketTestcases@14a50707]" started-at="2026-07-01T12:43:02 IST" name="verifyCreatorPassPhotographyBookingAndUPIPayment" finished-at="2026-07-01T12:43:13 IST" duration-ms="11615" status="PASS">
          <reporter-output>
          </reporter-output>
        </test-method> <!-- verifyCreatorPassPhotographyBookingAndUPIPayment -->
        <test-method is-config="true" signature="navigateToHomePage()[pri:0, instance:com.gardenticketing.tests.Citizen.BookticketTestcases@14a50707]" started-at="2026-07-01T12:43:13 IST" name="navigateToHomePage" finished-at="2026-07-01T12:43:15 IST" duration-ms="2046" status="PASS">
          <reporter-output>
          </reporter-output>
        </test-method> <!-- navigateToHomePage -->
        <test-method signature="verifyCreatorPassVideographyBookingAndUPIPayment()[pri:3, instance:com.gardenticketing.tests.Citizen.BookticketTestcases@14a50707]" started-at="2026-07-01T12:43:15 IST" name="verifyCreatorPassVideographyBookingAndUPIPayment" finished-at="2026-07-01T12:43:27 IST" duration-ms="11712" status="PASS">
          <reporter-output>
          </reporter-output>
        </test-method> <!-- verifyCreatorPassVideographyBookingAndUPIPayment -->
        <test-method is-config="true" signature="tearDownSuite()[pri:0, instance:com.gardenticketing.tests.Citizen.BookticketTestcases@14a50707]" started-at="2026-07-01T12:43:33 IST" name="tearDownSuite" finished-at="2026-07-01T12:43:33 IST" duration-ms="336" status="PASS">
          <reporter-output>
          </reporter-output>
        </test-method> <!-- tearDownSuite -->
      </class> <!-- com.gardenticketing.tests.Citizen.BookticketTestcases -->
      <class name="com.gardenticketing.tests.Citizen.TicketsPageTC">
        <test-method is-config="true" signature="navigateToHomePage()[pri:0, instance:com.gardenticketing.tests.Citizen.TicketsPageTC@4d518b32]" started-at="2026-07-01T12:43:27 IST" name="navigateToHomePage" finished-at="2026-07-01T12:43:29 IST" duration-ms="2038" status="PASS">
          <reporter-output>
          </reporter-output>
        </test-method> <!-- navigateToHomePage -->
        <test-method signature="verifyTicketDownloadedSuccessfully()[pri:0, instance:com.gardenticketing.tests.Citizen.TicketsPageTC@4d518b32]" started-at="2026-07-01T12:43:29 IST" name="verifyTicketDownloadedSuccessfully" finished-at="2026-07-01T12:43:33 IST" duration-ms="3619" status="PASS">
          <reporter-output>
          </reporter-output>
        </test-method> <!-- verifyTicketDownloadedSuccessfully -->
      </class> <!-- com.gardenticketing.tests.Citizen.TicketsPageTC -->
      <class name="com.gardenticketing.tests.Citizen.TermAndConditionpageTC">
        <test-method signature="verifyTermAndConditionPage()[pri:0, instance:com.gardenticketing.tests.Citizen.TermAndConditionpageTC@4bd31064]" started-at="2026-07-01T12:43:33 IST" name="verifyTermAndConditionPage" finished-at="2026-07-01T12:43:33 IST" duration-ms="98" status="PASS">
          <reporter-output>
          </reporter-output>
        </test-method> <!-- verifyTermAndConditionPage -->
      </class> <!-- com.gardenticketing.tests.Citizen.TermAndConditionpageTC -->
    </test> <!-- Citizen Module -->
  </suite> <!-- GardenTicketingSuite -->
</testng-results>
