<?xml version="1.0" encoding="UTF-8"?>
<!-- Generated by org.testng.reporters.JUnitReportReporter -->
<testsuite hostname="LAPTOP-D919MI6O" failures="0" tests="4" name="com.rrr_citizen.test.AddSurveyFormTC" time="29.797" errors="0" timestamp="2026-09-01T18:28:25 IST" skipped="0">
  <testcase classname="com.rrr_citizen.test.AddSurveyFormTC" name="verifyRRRSurveySubmittedSuccesfully" time="5.194"/>
  <testcase classname="com.rrr_citizen.test.AddSurveyFormTC" name="verify_Submitted_SurveyForm_DisplayedSuccesfully" time="2.042"/>
  <testcase classname="com.rrr_citizen.test.AddSurveyFormTC" name="verify_Collection_FilterApplied_Succesfully" time="20.413"/>
  <testcase classname="com.rrr_citizen.test.AddSurveyFormTC" name="verify_Collection_details_shwoingonthetable" time="2.148"/>
</testsuite> <!-- com.rrr_citizen.test.AddSurveyFormTC -->
