<?xml version="1.0" encoding="UTF-8"?>
<!-- Generated by org.testng.reporters.JUnitReportReporter -->
<testsuite hostname="LAPTOP-D919MI6O" failures="0" tests="1" name="com.gardenticketing.tests.Citizen.TermAndConditionpageTC" time="0.098" errors="0" timestamp="2026-07-01T12:43:33 IST" skipped="0">
  <testcase classname="com.gardenticketing.tests.Citizen.TermAndConditionpageTC" name="verifyTermAndConditionPage" time="0.098"/>
</testsuite> <!-- com.gardenticketing.tests.Citizen.TermAndConditionpageTC -->
