<?xml version="1.0" encoding="UTF-8"?>
<!-- Generated by org.testng.reporters.JUnitReportReporter -->
<testsuite hostname="LAPTOP-D919MI6O" failures="0" tests="5" name="com.gardenticketing.tests.admin.ScannerTC" time="13.136" errors="0" timestamp="2026-07-01T12:43:33 IST" skipped="0">
  <testcase classname="com.gardenticketing.tests.admin.ScannerTC" name="verifyScannerButtonClickable" time="2.148"/>
  <testcase classname="com.gardenticketing.tests.admin.ScannerTC" name="verifyCameraOFFButton" time="3.424"/>
  <testcase classname="com.gardenticketing.tests.admin.ScannerTC" name="verifyCameraONButton" time="2.053"/>
  <testcase classname="com.gardenticketing.tests.admin.ScannerTC" name="verifyOpenProfile" time="3.424"/>
  <testcase classname="com.gardenticketing.tests.admin.ScannerTC" name="verifyProfileBackNavigation" time="2.087"/>
</testsuite> <!-- com.gardenticketing.tests.admin.ScannerTC -->
