<?xml version="1.0" encoding="UTF-8"?>
<!-- Generated by org.testng.reporters.JUnitReportReporter -->
<testsuite hostname="LAPTOP-D919MI6O" failures="0" tests="5" name="com.gardenticketing.tests.admin.DashboardTest" time="1.313" errors="0" timestamp="2026-07-01T12:43:33 IST" skipped="0">
  <testcase classname="com.gardenticketing.tests.admin.DashboardTest" name="verifyTotalGardensCard" time="0.285"/>
  <testcase classname="com.gardenticketing.tests.admin.DashboardTest" name="verifyTotalTicketsCard" time="0.207"/>
  <testcase classname="com.gardenticketing.tests.admin.DashboardTest" name="verifyTotalCollectionCard" time="0.379"/>
  <testcase classname="com.gardenticketing.tests.admin.DashboardTest" name="verifyTotalUsersCard" time="0.334"/>
  <testcase classname="com.gardenticketing.tests.admin.DashboardTest" name="verifyPieGraph" time="0.108"/>
</testsuite> <!-- com.gardenticketing.tests.admin.DashboardTest -->
