<?xml version="1.0" encoding="UTF-8"?>
<!-- Generated by org.testng.reporters.JUnitReportReporter -->
<testsuite hostname="LAPTOP-D919MI6O" failures="0" tests="4" name="com.rrr_citizen.test.AddSurveyFormTC" time="32.512" errors="0" timestamp="2026-09-17T15:29:10 IST" skipped="0">
  <testcase classname="com.rrr_citizen.test.AddSurveyFormTC" name="verifyRRRSurveySubmittedSuccesfully" time="7.486"/>
  <testcase classname="com.rrr_citizen.test.AddSurveyFormTC" name="verify_Submitted_SurveyForm_DisplayedSuccesfully" time="2.067"/>
  <testcase classname="com.rrr_citizen.test.AddSurveyFormTC" name="verify_Collection_FilterApplied_Succesfully" time="20.779"/>
  <testcase classname="com.rrr_citizen.test.AddSurveyFormTC" name="verify_Collection_details_shwoingonthetable" time="2.180"/>
</testsuite> <!-- com.rrr_citizen.test.AddSurveyFormTC -->
