<?xml version="1.0" encoding="UTF-8"?>
<!-- Generated by org.testng.reporters.JUnitReportReporter -->
<testsuite hostname="LAPTOP-D919MI6O" failures="0" tests="3" name="com.gardenticketing.tests.Citizen.BookticketTestcases" time="41.662" errors="0" timestamp="2026-07-01T12:43:33 IST" skipped="0">
  <testcase classname="com.gardenticketing.tests.Citizen.BookticketTestcases" name="verifyGenralTicketBookingAndUPIPayment" time="14.223"/>
  <testcase classname="com.gardenticketing.tests.Citizen.BookticketTestcases" name="verifyCreatorPassPhotographyBookingAndUPIPayment" time="13.669"/>
  <testcase classname="com.gardenticketing.tests.Citizen.BookticketTestcases" name="verifyCreatorPassVideographyBookingAndUPIPayment" time="13.770"/>
</testsuite> <!-- com.gardenticketing.tests.Citizen.BookticketTestcases -->
