<?xml version="1.0" encoding="UTF-8"?>
<!-- Generated by org.testng.reporters.JUnitReportReporter -->
<testsuite hostname="LAPTOP-D919MI6O" failures="0" tests="10" name="com.gardenticketing.tests.admin.BookingReportTC" time="26.050" errors="0" timestamp="2026-07-01T12:43:33 IST" skipped="0">
  <testcase classname="com.gardenticketing.tests.admin.BookingReportTC" name="verifyByclickingOnBookingReport" time="7.063"/>
  <testcase classname="com.gardenticketing.tests.admin.BookingReportTC" name="Verifythe_all_Genralpass_tickets_showing" time="2.147"/>
  <testcase classname="com.gardenticketing.tests.admin.BookingReportTC" name="Verifythe_all_Creatorpass_tickets_showing_Dashboard" time="2.167"/>
  <testcase classname="com.gardenticketing.tests.admin.BookingReportTC" name="Verify_the_all_Event_pass_tickets_showing_Dashboard" time="2.153"/>
  <testcase classname="com.gardenticketing.tests.admin.BookingReportTC" name="Check_by_Selecting_FromDate" time="2.101"/>
  <testcase classname="com.gardenticketing.tests.admin.BookingReportTC" name="Check_by_Selecting_ToDate" time="2.127"/>
  <testcase classname="com.gardenticketing.tests.admin.BookingReportTC" name="verify_datewise_datashowingOn_table" time="2.056"/>
  <testcase classname="com.gardenticketing.tests.admin.BookingReportTC" name="verify_filterdata_reseted_afterClickedOn_Reset" time="2.051"/>
  <testcase classname="com.gardenticketing.tests.admin.BookingReportTC" name="verify_the_Usercan_View_Ticket_succesfully_And_Cancel_ticket_icon" time="2.127"/>
  <testcase classname="com.gardenticketing.tests.admin.BookingReportTC" name="verify_the_garden_ticketExported_succesfully_ByclickonExportfunctionaity" time="2.058"/>
</testsuite> <!-- com.gardenticketing.tests.admin.BookingReportTC -->
