<?xml version="1.0" encoding="UTF-8"?>
<!-- Generated by org.testng.reporters.JUnitReportReporter -->
<testsuite hostname="LAPTOP-D919MI6O" failures="0" tests="3" name="com.gardenticketing.tests.admin.addgardenTC" time="49.835" errors="0" timestamp="2026-07-01T12:43:33 IST" skipped="0">
  <testcase classname="com.gardenticketing.tests.admin.addgardenTC" name="verify_theNew_garden_added_Successfully" time="32.059"/>
  <testcase classname="com.gardenticketing.tests.admin.addgardenTC" name="verify_Update_Garden_Details" time="8.476"/>
  <testcase classname="com.gardenticketing.tests.admin.addgardenTC" name="verify_lastGarden_is_deleted_successfully" time="9.300"/>
</testsuite> <!-- com.gardenticketing.tests.admin.addgardenTC -->
